<?xml version="1.0" encoding="UTF-8"?>
<!-- Generated by org.testng.reporters.JUnitReportReporter -->
<testsuite skipped="0" hostname="8bb170f8ee6c" name="com.searchmodule.tests.SearchTest" tests="5" failures="0" timestamp="2021-12-02T03:44:31 GMT" time="93.287" errors="0">
  <testcase name="searchTest" time="17.198" classname="com.searchmodule.tests.SearchTest"/>
  <system-out/>
  <testcase name="searchTest" time="20.337" classname="com.searchmodule.tests.SearchTest"/>
  <system-out/>
  <testcase name="searchTest" time="20.257" classname="com.searchmodule.tests.SearchTest"/>
  <system-out/>
  <testcase name="searchTest" time="22.375" classname="com.searchmodule.tests.SearchTest"/>
  <system-out/>
  <testcase name="searchTest" time="13.120" classname="com.searchmodule.tests.SearchTest"/>
  <system-out/>
</testsuite> <!-- com.searchmodule.tests.SearchTest -->
