<?xml version="1.0" encoding="UTF-8"?>
<!-- Generated by org.testng.reporters.JUnitReportReporter -->
<testsuite skipped="0" hostname="ac19b3087f9f" name="com.newtours.tests.BookFlightTest" tests="18" failures="0" timestamp="2021-12-02T03:44:45 GMT" time="151.790" errors="0">
  <testcase name="registrationTest" time="68.741" classname="com.newtours.tests.BookFlightTest"/>
  <system-out/>
  <testcase name="flightConfirmationTest" time="0.403" classname="com.newtours.tests.BookFlightTest"/>
  <system-out/>
  <testcase name="flightDetailsTest" time="1.749" classname="com.newtours.tests.BookFlightTest"/>
  <system-out/>
  <testcase name="registrationTest" time="48.558" classname="com.newtours.tests.BookFlightTest"/>
  <system-out/>
  <testcase name="enterBillingAddressTest" time="0.323" classname="com.newtours.tests.BookFlightTest"/>
  <system-out/>
  <testcase name="bookFlightTest" time="0.324" classname="com.newtours.tests.BookFlightTest"/>
  <system-out/>
  <testcase name="enterBillingAddressTest" time="0.294" classname="com.newtours.tests.BookFlightTest"/>
  <system-out/>
  <testcase name="enterBillingAddressTest" time="0.444" classname="com.newtours.tests.BookFlightTest"/>
  <system-out/>
  <testcase name="bookFlightTest" time="0.287" classname="com.newtours.tests.BookFlightTest"/>
  <system-out/>
  <testcase name="registrationTest" time="24.278" classname="com.newtours.tests.BookFlightTest"/>
  <system-out/>
  <testcase name="registrationConfirmationTest" time="0.195" classname="com.newtours.tests.BookFlightTest"/>
  <system-out/>
  <testcase name="registrationConfirmationTest" time="0.265" classname="com.newtours.tests.BookFlightTest"/>
  <system-out/>
  <testcase name="flightConfirmationTest" time="0.530" classname="com.newtours.tests.BookFlightTest"/>
  <system-out/>
  <testcase name="flightDetailsTest" time="2.025" classname="com.newtours.tests.BookFlightTest"/>
  <system-out/>
  <testcase name="registrationConfirmationTest" time="0.459" classname="com.newtours.tests.BookFlightTest"/>
  <system-out/>
  <testcase name="flightConfirmationTest" time="0.366" classname="com.newtours.tests.BookFlightTest"/>
  <system-out/>
  <testcase name="flightDetailsTest" time="2.249" classname="com.newtours.tests.BookFlightTest"/>
  <system-out/>
  <testcase name="bookFlightTest" time="0.300" classname="com.newtours.tests.BookFlightTest"/>
  <system-out/>
</testsuite> <!-- com.newtours.tests.BookFlightTest -->
