<?xml version="1.0" encoding="UTF-8"?>
<!-- Generated by org.testng.reporters.JUnitReportReporter -->
<testsuite skipped="0" hostname="b7475a097e88" name="com.searchmodule.tests.SearchTest" tests="5" failures="0" timestamp="2021-12-02T03:45:32 GMT" time="77.113" errors="0">
  <testcase name="searchTest" time="23.734" classname="com.searchmodule.tests.SearchTest"/>
  <system-out/>
  <testcase name="searchTest" time="13.054" classname="com.searchmodule.tests.SearchTest"/>
  <system-out/>
  <testcase name="searchTest" time="10.653" classname="com.searchmodule.tests.SearchTest"/>
  <system-out/>
  <testcase name="searchTest" time="19.625" classname="com.searchmodule.tests.SearchTest"/>
  <system-out/>
  <testcase name="searchTest" time="10.047" classname="com.searchmodule.tests.SearchTest"/>
  <system-out/>
</testsuite> <!-- com.searchmodule.tests.SearchTest -->
